Determining if the __GLIBC__ exist failed with the following output:
Change Dir: /Users/ankitjoju/Desktop/Programs/Side Projects/Pixelinator/test/CMakeFiles/CMakeScratch/TryCompile-vztSSp

Run Build Command(s):/opt/homebrew/bin/gmake -f Makefile cmTC_ba159/fast && /opt/homebrew/bin/gmake  -f CMakeFiles/cmTC_ba159.dir/build.make CMakeFiles/cmTC_ba159.dir/build
gmake[1]: Entering directory '/Users/ankitjoju/Desktop/Programs/Side Projects/Pixelinator/test/CMakeFiles/CMakeScratch/TryCompile-vztSSp'
Building C object CMakeFiles/cmTC_ba159.dir/CheckSymbolExists.c.o
/Library/Developer/CommandLineTools/usr/bin/cc   -arch arm64 -isysroot /Library/Developer/CommandLineTools/SDKs/MacOSX12.3.sdk -MD -MT CMakeFiles/cmTC_ba159.dir/CheckSymbolExists.c.o -MF CMakeFiles/cmTC_ba159.dir/CheckSymbolExists.c.o.d -o CMakeFiles/cmTC_ba159.dir/CheckSymbolExists.c.o -c "/Users/ankitjoju/Desktop/Programs/Side Projects/Pixelinator/test/CMakeFiles/CMakeScratch/TryCompile-vztSSp/CheckSymbolExists.c"
/Users/ankitjoju/Desktop/Programs/Side Projects/Pixelinator/test/CMakeFiles/CMakeScratch/TryCompile-vztSSp/CheckSymbolExists.c:8:19: error: use of undeclared identifier '__GLIBC__'
  return ((int*)(&__GLIBC__))[argc];
                  ^
1 error generated.
gmake[1]: *** [CMakeFiles/cmTC_ba159.dir/build.make:79: CMakeFiles/cmTC_ba159.dir/CheckSymbolExists.c.o] Error 1
gmake[1]: Leaving directory '/Users/ankitjoju/Desktop/Programs/Side Projects/Pixelinator/test/CMakeFiles/CMakeScratch/TryCompile-vztSSp'
gmake: *** [Makefile:127: cmTC_ba159/fast] Error 2


File CheckSymbolExists.c:
/* */
#include <stdlib.h>

int main(int argc, char** argv)
{
  (void)argv;
#ifndef __GLIBC__
  return ((int*)(&__GLIBC__))[argc];
#else
  (void)argc;
  return 0;
#endif
}
Performing C SOURCE FILE Test CHECK_CPU_ARCHITECTURE_X86 failed with the following output:
Change Dir: /Users/ankitjoju/Desktop/Programs/Side Projects/Pixelinator/test/CMakeFiles/CMakeScratch/TryCompile-DJl6A0

Run Build Command(s):/opt/homebrew/bin/gmake -f Makefile cmTC_505a8/fast && /opt/homebrew/bin/gmake  -f CMakeFiles/cmTC_505a8.dir/build.make CMakeFiles/cmTC_505a8.dir/build
gmake[1]: Entering directory '/Users/ankitjoju/Desktop/Programs/Side Projects/Pixelinator/test/CMakeFiles/CMakeScratch/TryCompile-DJl6A0'
Building C object CMakeFiles/cmTC_505a8.dir/src.c.o
/Library/Developer/CommandLineTools/usr/bin/cc -DCHECK_CPU_ARCHITECTURE_X86  -arch arm64 -isysroot /Library/Developer/CommandLineTools/SDKs/MacOSX12.3.sdk -MD -MT CMakeFiles/cmTC_505a8.dir/src.c.o -MF CMakeFiles/cmTC_505a8.dir/src.c.o.d -o CMakeFiles/cmTC_505a8.dir/src.c.o -c "/Users/ankitjoju/Desktop/Programs/Side Projects/Pixelinator/test/CMakeFiles/CMakeScratch/TryCompile-DJl6A0/src.c"
/Users/ankitjoju/Desktop/Programs/Side Projects/Pixelinator/test/CMakeFiles/CMakeScratch/TryCompile-DJl6A0/src.c:6:3: error: use of undeclared identifier 'choke'
  choke
  ^
1 error generated.
gmake[1]: *** [CMakeFiles/cmTC_505a8.dir/build.make:79: CMakeFiles/cmTC_505a8.dir/src.c.o] Error 1
gmake[1]: Leaving directory '/Users/ankitjoju/Desktop/Programs/Side Projects/Pixelinator/test/CMakeFiles/CMakeScratch/TryCompile-DJl6A0'
gmake: *** [Makefile:127: cmTC_505a8/fast] Error 2


Source file was:

int main(int argc, char *argv[]) {
#if defined(__i386__) || defined(__i486__) || defined(__i586__) || defined(__i686__) ||defined( __i386) || defined(_M_IX86)
  return 0;
#else
  choke
#endif
}


Performing C SOURCE FILE Test CHECK_CPU_ARCHITECTURE_X64 failed with the following output:
Change Dir: /Users/ankitjoju/Desktop/Programs/Side Projects/Pixelinator/test/CMakeFiles/CMakeScratch/TryCompile-Asqyzh

Run Build Command(s):/opt/homebrew/bin/gmake -f Makefile cmTC_cce5a/fast && /opt/homebrew/bin/gmake  -f CMakeFiles/cmTC_cce5a.dir/build.make CMakeFiles/cmTC_cce5a.dir/build
gmake[1]: Entering directory '/Users/ankitjoju/Desktop/Programs/Side Projects/Pixelinator/test/CMakeFiles/CMakeScratch/TryCompile-Asqyzh'
Building C object CMakeFiles/cmTC_cce5a.dir/src.c.o
/Library/Developer/CommandLineTools/usr/bin/cc -DCHECK_CPU_ARCHITECTURE_X64  -arch arm64 -isysroot /Library/Developer/CommandLineTools/SDKs/MacOSX12.3.sdk -MD -MT CMakeFiles/cmTC_cce5a.dir/src.c.o -MF CMakeFiles/cmTC_cce5a.dir/src.c.o.d -o CMakeFiles/cmTC_cce5a.dir/src.c.o -c "/Users/ankitjoju/Desktop/Programs/Side Projects/Pixelinator/test/CMakeFiles/CMakeScratch/TryCompile-Asqyzh/src.c"
/Users/ankitjoju/Desktop/Programs/Side Projects/Pixelinator/test/CMakeFiles/CMakeScratch/TryCompile-Asqyzh/src.c:6:3: error: use of undeclared identifier 'choke'
  choke
  ^
1 error generated.
gmake[1]: *** [CMakeFiles/cmTC_cce5a.dir/build.make:79: CMakeFiles/cmTC_cce5a.dir/src.c.o] Error 1
gmake[1]: Leaving directory '/Users/ankitjoju/Desktop/Programs/Side Projects/Pixelinator/test/CMakeFiles/CMakeScratch/TryCompile-Asqyzh'
gmake: *** [Makefile:127: cmTC_cce5a/fast] Error 2


Source file was:

int main(int argc, char *argv[]) {
#if defined(__amd64__) || defined(__amd64) || defined(__x86_64__) || defined(__x86_64) || defined(_M_X64) || defined(_M_AMD64)
  return 0;
#else
  choke
#endif
}


Performing C SOURCE FILE Test CHECK_CPU_ARCHITECTURE_ARM32 failed with the following output:
Change Dir: /Users/ankitjoju/Desktop/Programs/Side Projects/Pixelinator/test/CMakeFiles/CMakeScratch/TryCompile-hzUQ0X

Run Build Command(s):/opt/homebrew/bin/gmake -f Makefile cmTC_4c437/fast && /opt/homebrew/bin/gmake  -f CMakeFiles/cmTC_4c437.dir/build.make CMakeFiles/cmTC_4c437.dir/build
gmake[1]: Entering directory '/Users/ankitjoju/Desktop/Programs/Side Projects/Pixelinator/test/CMakeFiles/CMakeScratch/TryCompile-hzUQ0X'
Building C object CMakeFiles/cmTC_4c437.dir/src.c.o
/Library/Developer/CommandLineTools/usr/bin/cc -DCHECK_CPU_ARCHITECTURE_ARM32  -arch arm64 -isysroot /Library/Developer/CommandLineTools/SDKs/MacOSX12.3.sdk -MD -MT CMakeFiles/cmTC_4c437.dir/src.c.o -MF CMakeFiles/cmTC_4c437.dir/src.c.o.d -o CMakeFiles/cmTC_4c437.dir/src.c.o -c "/Users/ankitjoju/Desktop/Programs/Side Projects/Pixelinator/test/CMakeFiles/CMakeScratch/TryCompile-hzUQ0X/src.c"
/Users/ankitjoju/Desktop/Programs/Side Projects/Pixelinator/test/CMakeFiles/CMakeScratch/TryCompile-hzUQ0X/src.c:6:3: error: use of undeclared identifier 'choke'
  choke
  ^
1 error generated.
gmake[1]: *** [CMakeFiles/cmTC_4c437.dir/build.make:79: CMakeFiles/cmTC_4c437.dir/src.c.o] Error 1
gmake[1]: Leaving directory '/Users/ankitjoju/Desktop/Programs/Side Projects/Pixelinator/test/CMakeFiles/CMakeScratch/TryCompile-hzUQ0X'
gmake: *** [Makefile:127: cmTC_4c437/fast] Error 2


Source file was:

int main(int argc, char *argv[]) {
#if defined(__arm__) || defined(_M_ARM)
  return 0;
#else
  choke
#endif
}


Performing C SOURCE FILE Test CHECK_CPU_ARCHITECTURE_LOONGARCH64 failed with the following output:
Change Dir: /Users/ankitjoju/Desktop/Programs/Side Projects/Pixelinator/test/CMakeFiles/CMakeScratch/TryCompile-oN6mnL

Run Build Command(s):/opt/homebrew/bin/gmake -f Makefile cmTC_84622/fast && /opt/homebrew/bin/gmake  -f CMakeFiles/cmTC_84622.dir/build.make CMakeFiles/cmTC_84622.dir/build
gmake[1]: Entering directory '/Users/ankitjoju/Desktop/Programs/Side Projects/Pixelinator/test/CMakeFiles/CMakeScratch/TryCompile-oN6mnL'
Building C object CMakeFiles/cmTC_84622.dir/src.c.o
/Library/Developer/CommandLineTools/usr/bin/cc -DCHECK_CPU_ARCHITECTURE_LOONGARCH64  -arch arm64 -isysroot /Library/Developer/CommandLineTools/SDKs/MacOSX12.3.sdk -MD -MT CMakeFiles/cmTC_84622.dir/src.c.o -MF CMakeFiles/cmTC_84622.dir/src.c.o.d -o CMakeFiles/cmTC_84622.dir/src.c.o -c "/Users/ankitjoju/Desktop/Programs/Side Projects/Pixelinator/test/CMakeFiles/CMakeScratch/TryCompile-oN6mnL/src.c"
/Users/ankitjoju/Desktop/Programs/Side Projects/Pixelinator/test/CMakeFiles/CMakeScratch/TryCompile-oN6mnL/src.c:6:3: error: use of undeclared identifier 'choke'
  choke
  ^
1 error generated.
gmake[1]: *** [CMakeFiles/cmTC_84622.dir/build.make:79: CMakeFiles/cmTC_84622.dir/src.c.o] Error 1
gmake[1]: Leaving directory '/Users/ankitjoju/Desktop/Programs/Side Projects/Pixelinator/test/CMakeFiles/CMakeScratch/TryCompile-oN6mnL'
gmake: *** [Makefile:127: cmTC_84622/fast] Error 2


Source file was:

int main(int argc, char *argv[]) {
#if defined(__loongarch64)
  return 0;
#else
  choke
#endif
}


Determining if the include file immintrin.h exists failed with the following output:
Change Dir: /Users/ankitjoju/Desktop/Programs/Side Projects/Pixelinator/test/CMakeFiles/CMakeScratch/TryCompile-GQofcp

Run Build Command(s):/opt/homebrew/bin/gmake -f Makefile cmTC_b7ba4/fast && /opt/homebrew/bin/gmake  -f CMakeFiles/cmTC_b7ba4.dir/build.make CMakeFiles/cmTC_b7ba4.dir/build
gmake[1]: Entering directory '/Users/ankitjoju/Desktop/Programs/Side Projects/Pixelinator/test/CMakeFiles/CMakeScratch/TryCompile-GQofcp'
Building C object CMakeFiles/cmTC_b7ba4.dir/CheckIncludeFile.c.o
/Library/Developer/CommandLineTools/usr/bin/cc   -idirafter "/Users/ankitjoju/Desktop/Programs/Side Projects/Pixelinator/external/sdl2/src/video/khronos"  -D_GNU_SOURCE=1 -arch arm64 -isysroot /Library/Developer/CommandLineTools/SDKs/MacOSX12.3.sdk -MD -MT CMakeFiles/cmTC_b7ba4.dir/CheckIncludeFile.c.o -MF CMakeFiles/cmTC_b7ba4.dir/CheckIncludeFile.c.o.d -o CMakeFiles/cmTC_b7ba4.dir/CheckIncludeFile.c.o -c "/Users/ankitjoju/Desktop/Programs/Side Projects/Pixelinator/test/CMakeFiles/CMakeScratch/TryCompile-GQofcp/CheckIncludeFile.c"
In file included from /Users/ankitjoju/Desktop/Programs/Side Projects/Pixelinator/test/CMakeFiles/CMakeScratch/TryCompile-GQofcp/CheckIncludeFile.c:1:
In file included from /Library/Developer/CommandLineTools/usr/lib/clang/13.0.0/include/immintrin.h:13:
In file included from /Library/Developer/CommandLineTools/usr/lib/clang/13.0.0/include/x86gprintrin.h:15:
/Library/Developer/CommandLineTools/usr/lib/clang/13.0.0/include/hresetintrin.h:42:27: error: invalid input constraint 'a' in asm
  __asm__ ("hreset $0" :: "a"(__eax));
                          ^
In file included from /Users/ankitjoju/Desktop/Programs/Side Projects/Pixelinator/test/CMakeFiles/CMakeScratch/TryCompile-GQofcp/CheckIncludeFile.c:1:
In file included from /Library/Developer/CommandLineTools/usr/lib/clang/13.0.0/include/immintrin.h:17:
/Library/Developer/CommandLineTools/usr/lib/clang/13.0.0/include/mmintrin.h:50:12: error: invalid conversion between vector type '__m64' (vector of 1 'long long' value) and integer type 'int' of different size
    return (__m64)__builtin_ia32_vec_init_v2si(__i, 0);
           ^~~~~~~~~~~~~~~~~~~~~~~~~~~~~~~~~~~~~~~~~~~
/Library/Developer/CommandLineTools/usr/lib/clang/13.0.0/include/mmintrin.h:129:12: error: invalid conversion between vector type '__m64' (vector of 1 'long long' value) and integer type 'int' of different size
    return (__m64)__builtin_ia32_packsswb((__v4hi)__m1, (__v4hi)__m2);
           ^~~~~~~~~~~~~~~~~~~~~~~~~~~~~~~~~~~~~~~~~~~~~~~~~~~~~~~~~~
/Library/Developer/CommandLineTools/usr/lib/clang/13.0.0/include/mmintrin.h:159:12: error: invalid conversion between vector type '__m64' (vector of 1 'long long' value) and integer type 'int' of different size
    return (__m64)__builtin_ia32_packssdw((__v2si)__m1, (__v2si)__m2);
           ^~~~~~~~~~~~~~~~~~~~~~~~~~~~~~~~~~~~~~~~~~~~~~~~~~~~~~~~~~
/Library/Developer/CommandLineTools/usr/lib/clang/13.0.0/include/mmintrin.h:189:12: error: invalid conversion between vector type '__m64' (vector of 1 'long long' value) and integer type 'int' of different size
    return (__m64)__builtin_ia32_packuswb((__v4hi)__m1, (__v4hi)__m2);
           ^~~~~~~~~~~~~~~~~~~~~~~~~~~~~~~~~~~~~~~~~~~~~~~~~~~~~~~~~~
/Library/Developer/CommandLineTools/usr/lib/clang/13.0.0/include/mmintrin.h:216:12: error: invalid conversion between vector type '__m64' (vector of 1 'long long' value) and integer type 'int' of different size
    return (__m64)__builtin_ia32_punpckhbw((__v8qi)__m1, (__v8qi)__m2);
           ^~~~~~~~~~~~~~~~~~~~~~~~~~~~~~~~~~~~~~~~~~~~~~~~~~~~~~~~~~~
/Library/Developer/CommandLineTools/usr/lib/clang/13.0.0/include/mmintrin.h:239:12: error: invalid conversion between vector type '__m64' (vector of 1 'long long' value) and integer type 'int' of different size
    return (__m64)__builtin_ia32_punpckhwd((__v4hi)__m1, (__v4hi)__m2);
           ^~~~~~~~~~~~~~~~~~~~~~~~~~~~~~~~~~~~~~~~~~~~~~~~~~~~~~~~~~~
/Library/Developer/CommandLineTools/usr/lib/clang/13.0.0/include/mmintrin.h:260:12: error: invalid conversion between vector type '__m64' (vector of 1 'long long' value) and integer type 'int' of different size
    return (__m64)__builtin_ia32_punpckhdq((__v2si)__m1, (__v2si)__m2);
           ^~~~~~~~~~~~~~~~~~~~~~~~~~~~~~~~~~~~~~~~~~~~~~~~~~~~~~~~~~~
/Library/Developer/CommandLineTools/usr/lib/clang/13.0.0/include/mmintrin.h:287:12: error: invalid conversion between vector type '__m64' (vector of 1 'long long' value) and integer type 'int' of different size
    return (__m64)__builtin_ia32_punpcklbw((__v8qi)__m1, (__v8qi)__m2);
           ^~~~~~~~~~~~~~~~~~~~~~~~~~~~~~~~~~~~~~~~~~~~~~~~~~~~~~~~~~~
/Library/Developer/CommandLineTools/usr/lib/clang/13.0.0/include/mmintrin.h:310:12: error: invalid conversion between vector type '__m64' (vector of 1 'long long' value) and integer type 'int' of different size
    return (__m64)__builtin_ia32_punpcklwd((__v4hi)__m1, (__v4hi)__m2);
           ^~~~~~~~~~~~~~~~~~~~~~~~~~~~~~~~~~~~~~~~~~~~~~~~~~~~~~~~~~~
/Library/Developer/CommandLineTools/usr/lib/clang/13.0.0/include/mmintrin.h:331:12: error: invalid conversion between vector type '__m64' (vector of 1 'long long' value) and integer type 'int' of different size
    return (__m64)__builtin_ia32_punpckldq((__v2si)__m1, (__v2si)__m2);
           ^~~~~~~~~~~~~~~~~~~~~~~~~~~~~~~~~~~~~~~~~~~~~~~~~~~~~~~~~~~
/Library/Developer/CommandLineTools/usr/lib/clang/13.0.0/include/mmintrin.h:352:12: error: invalid conversion between vector type '__m64' (vector of 1 'long long' value) and integer type 'int' of different size
    return (__m64)__builtin_ia32_paddb((__v8qi)__m1, (__v8qi)__m2);
           ^~~~~~~~~~~~~~~~~~~~~~~~~~~~~~~~~~~~~~~~~~~~~~~~~~~~~~~
/Library/Developer/CommandLineTools/usr/lib/clang/13.0.0/include/mmintrin.h:373:12: error: invalid conversion between vector type '__m64' (vector of 1 'long long' value) and integer type 'int' of different size
    return (__m64)__builtin_ia32_paddw((__v4hi)__m1, (__v4hi)__m2);
           ^~~~~~~~~~~~~~~~~~~~~~~~~~~~~~~~~~~~~~~~~~~~~~~~~~~~~~~
/Library/Developer/CommandLineTools/usr/lib/clang/13.0.0/include/mmintrin.h:394:12: error: invalid conversion between vector type '__m64' (vector of 1 'long long' value) and integer type 'int' of different size
    return (__m64)__builtin_ia32_paddd((__v2si)__m1, (__v2si)__m2);
           ^~~~~~~~~~~~~~~~~~~~~~~~~~~~~~~~~~~~~~~~~~~~~~~~~~~~~~~
/Library/Developer/CommandLineTools/usr/lib/clang/13.0.0/include/mmintrin.h:416:12: error: invalid conversion between vector type '__m64' (vector of 1 'long long' value) and integer type 'int' of different size
    return (__m64)__builtin_ia32_paddsb((__v8qi)__m1, (__v8qi)__m2);
           ^~~~~~~~~~~~~~~~~~~~~~~~~~~~~~~~~~~~~~~~~~~~~~~~~~~~~~~~
/Library/Developer/CommandLineTools/usr/lib/clang/13.0.0/include/mmintrin.h:439:12: error: invalid conversion between vector type '__m64' (vector of 1 'long long' value) and integer type 'int' of different size
    return (__m64)__builtin_ia32_paddsw((__v4hi)__m1, (__v4hi)__m2);
           ^~~~~~~~~~~~~~~~~~~~~~~~~~~~~~~~~~~~~~~~~~~~~~~~~~~~~~~~
/Library/Developer/CommandLineTools/usr/lib/clang/13.0.0/include/mmintrin.h:461:12: error: invalid conversion between vector type '__m64' (vector of 1 'long long' value) and integer type 'int' of different size
    return (__m64)__builtin_ia32_paddusb((__v8qi)__m1, (__v8qi)__m2);
           ^~~~~~~~~~~~~~~~~~~~~~~~~~~~~~~~~~~~~~~~~~~~~~~~~~~~~~~~~
/Library/Developer/CommandLineTools/usr/lib/clang/13.0.0/include/mmintrin.h:483:12: error: invalid conversion between vector type '__m64' (vector of 1 'long long' value) and integer type 'int' of different size
    return (__m64)__builtin_ia32_paddusw((__v4hi)__m1, (__v4hi)__m2);
           ^~~~~~~~~~~~~~~~~~~~~~~~~~~~~~~~~~~~~~~~~~~~~~~~~~~~~~~~~
/Library/Developer/CommandLineTools/usr/lib/clang/13.0.0/include/mmintrin.h:504:12: error: invalid conversion between vector type '__m64' (vector of 1 'long long' value) and integer type 'int' of different size
    return (__m64)__builtin_ia32_psubb((__v8qi)__m1, (__v8qi)__m2);
           ^~~~~~~~~~~~~~~~~~~~~~~~~~~~~~~~~~~~~~~~~~~~~~~~~~~~~~~
fatal error: too many errors emitted, stopping now [-ferror-limit=]
20 errors generated.
gmake[1]: *** [CMakeFiles/cmTC_b7ba4.dir/build.make:79: CMakeFiles/cmTC_b7ba4.dir/CheckIncludeFile.c.o] Error 1
gmake[1]: Leaving directory '/Users/ankitjoju/Desktop/Programs/Side Projects/Pixelinator/test/CMakeFiles/CMakeScratch/TryCompile-GQofcp'
gmake: *** [Makefile:127: cmTC_b7ba4/fast] Error 2



Performing C SOURCE FILE Test HAVE_ALTIVEC_H_HDR failed with the following output:
Change Dir: /Users/ankitjoju/Desktop/Programs/Side Projects/Pixelinator/test/CMakeFiles/CMakeScratch/TryCompile-XDLyk1

Run Build Command(s):/opt/homebrew/bin/gmake -f Makefile cmTC_783b7/fast && /opt/homebrew/bin/gmake  -f CMakeFiles/cmTC_783b7.dir/build.make CMakeFiles/cmTC_783b7.dir/build
gmake[1]: Entering directory '/Users/ankitjoju/Desktop/Programs/Side Projects/Pixelinator/test/CMakeFiles/CMakeScratch/TryCompile-XDLyk1'
Building C object CMakeFiles/cmTC_783b7.dir/src.c.o
/Library/Developer/CommandLineTools/usr/bin/cc -DHAVE_ALTIVEC_H_HDR  -idirafter "/Users/ankitjoju/Desktop/Programs/Side Projects/Pixelinator/external/sdl2/src/video/khronos" -maltivec -arch arm64 -isysroot /Library/Developer/CommandLineTools/SDKs/MacOSX12.3.sdk -MD -MT CMakeFiles/cmTC_783b7.dir/src.c.o -MF CMakeFiles/cmTC_783b7.dir/src.c.o.d -o CMakeFiles/cmTC_783b7.dir/src.c.o -c "/Users/ankitjoju/Desktop/Programs/Side Projects/Pixelinator/test/CMakeFiles/CMakeScratch/TryCompile-XDLyk1/src.c"
clang: warning: argument unused during compilation: '-maltivec' [-Wunused-command-line-argument]
In file included from /Users/ankitjoju/Desktop/Programs/Side Projects/Pixelinator/test/CMakeFiles/CMakeScratch/TryCompile-XDLyk1/src.c:2:
/Library/Developer/CommandLineTools/usr/lib/clang/13.0.0/include/altivec.h:13:2: error: "AltiVec support not enabled"
#error "AltiVec support not enabled"
 ^
/Library/Developer/CommandLineTools/usr/lib/clang/13.0.0/include/altivec.h:48:19: error: unknown type name 'vector'
static __inline__ vector signed char __ATTRS_o_ai vec_perm(
                  ^
/Library/Developer/CommandLineTools/usr/lib/clang/13.0.0/include/altivec.h:49:5: error: unknown type name 'vector'
    vector signed char __a, vector signed char __b, vector unsigned char __c);
    ^
/Library/Developer/CommandLineTools/usr/lib/clang/13.0.0/include/altivec.h:49:29: error: unknown type name 'vector'
    vector signed char __a, vector signed char __b, vector unsigned char __c);
                            ^
/Library/Developer/CommandLineTools/usr/lib/clang/13.0.0/include/altivec.h:49:53: error: unknown type name 'vector'
    vector signed char __a, vector signed char __b, vector unsigned char __c);
                                                    ^
/Library/Developer/CommandLineTools/usr/lib/clang/13.0.0/include/altivec.h:51:19: error: unknown type name 'vector'
static __inline__ vector unsigned char __ATTRS_o_ai
                  ^
/Library/Developer/CommandLineTools/usr/lib/clang/13.0.0/include/altivec.h:52:10: error: unknown type name 'vector'
vec_perm(vector unsigned char __a, vector unsigned char __b,
         ^
/Library/Developer/CommandLineTools/usr/lib/clang/13.0.0/include/altivec.h:52:36: error: unknown type name 'vector'
vec_perm(vector unsigned char __a, vector unsigned char __b,
                                   ^
/Library/Developer/CommandLineTools/usr/lib/clang/13.0.0/include/altivec.h:53:10: error: unknown type name 'vector'
         vector unsigned char __c);
         ^
/Library/Developer/CommandLineTools/usr/lib/clang/13.0.0/include/altivec.h:55:19: error: unknown type name 'vector'
static __inline__ vector bool char __ATTRS_o_ai
                  ^
/Library/Developer/CommandLineTools/usr/lib/clang/13.0.0/include/altivec.h:55:8: error: 'inline' can only appear on functions
static __inline__ vector bool char __ATTRS_o_ai
       ^
/Library/Developer/CommandLineTools/usr/lib/clang/13.0.0/include/altivec.h:55:30: error: expected ';' after top level declarator
static __inline__ vector bool char __ATTRS_o_ai
                             ^
/Library/Developer/CommandLineTools/usr/lib/clang/13.0.0/include/altivec.h:56:10: error: unknown type name 'vector'
vec_perm(vector bool char __a, vector bool char __b, vector unsigned char __c);
         ^
/Library/Developer/CommandLineTools/usr/lib/clang/13.0.0/include/altivec.h:56:22: error: expected ')'
vec_perm(vector bool char __a, vector bool char __b, vector unsigned char __c);
                     ^
/Library/Developer/CommandLineTools/usr/lib/clang/13.0.0/include/altivec.h:56:9: note: to match this '('
vec_perm(vector bool char __a, vector bool char __b, vector unsigned char __c);
        ^
/Library/Developer/CommandLineTools/usr/lib/clang/13.0.0/include/altivec.h:58:19: error: unknown type name 'vector'
static __inline__ vector short __ATTRS_o_ai vec_perm(vector signed short __a,
                  ^
/Library/Developer/CommandLineTools/usr/lib/clang/13.0.0/include/altivec.h:58:54: error: unknown type name 'vector'
static __inline__ vector short __ATTRS_o_ai vec_perm(vector signed short __a,
                                                     ^
/Library/Developer/CommandLineTools/usr/lib/clang/13.0.0/include/altivec.h:59:54: error: unknown type name 'vector'
                                                     vector signed short __b,
                                                     ^
/Library/Developer/CommandLineTools/usr/lib/clang/13.0.0/include/altivec.h:60:54: error: unknown type name 'vector'
                                                     vector unsigned char __c);
                                                     ^
/Library/Developer/CommandLineTools/usr/lib/clang/13.0.0/include/altivec.h:62:19: error: unknown type name 'vector'
static __inline__ vector unsigned short __ATTRS_o_ai
                  ^
fatal error: too many errors emitted, stopping now [-ferror-limit=]
20 errors generated.
gmake[1]: *** [CMakeFiles/cmTC_783b7.dir/build.make:79: CMakeFiles/cmTC_783b7.dir/src.c.o] Error 1
gmake[1]: Leaving directory '/Users/ankitjoju/Desktop/Programs/Side Projects/Pixelinator/test/CMakeFiles/CMakeScratch/TryCompile-XDLyk1'
gmake: *** [Makefile:127: cmTC_783b7/fast] Error 2


Source file was:

          #include <altivec.h>
          vector unsigned int vzero() {
              return vec_splat_u32(0);
          }
          int main(int argc, char **argv) { return 0; }

Performing C SOURCE FILE Test CPU_SUPPORTS_ALTIVEC failed with the following output:
Change Dir: /Users/ankitjoju/Desktop/Programs/Side Projects/Pixelinator/test/CMakeFiles/CMakeScratch/TryCompile-SVswe1

Run Build Command(s):/opt/homebrew/bin/gmake -f Makefile cmTC_e9e6d/fast && /opt/homebrew/bin/gmake  -f CMakeFiles/cmTC_e9e6d.dir/build.make CMakeFiles/cmTC_e9e6d.dir/build
gmake[1]: Entering directory '/Users/ankitjoju/Desktop/Programs/Side Projects/Pixelinator/test/CMakeFiles/CMakeScratch/TryCompile-SVswe1'
Building C object CMakeFiles/cmTC_e9e6d.dir/src.c.o
/Library/Developer/CommandLineTools/usr/bin/cc -DCPU_SUPPORTS_ALTIVEC  -idirafter "/Users/ankitjoju/Desktop/Programs/Side Projects/Pixelinator/external/sdl2/src/video/khronos" -maltivec -arch arm64 -isysroot /Library/Developer/CommandLineTools/SDKs/MacOSX12.3.sdk -MD -MT CMakeFiles/cmTC_e9e6d.dir/src.c.o -MF CMakeFiles/cmTC_e9e6d.dir/src.c.o.d -o CMakeFiles/cmTC_e9e6d.dir/src.c.o -c "/Users/ankitjoju/Desktop/Programs/Side Projects/Pixelinator/test/CMakeFiles/CMakeScratch/TryCompile-SVswe1/src.c"
clang: warning: argument unused during compilation: '-maltivec' [-Wunused-command-line-argument]
/Users/ankitjoju/Desktop/Programs/Side Projects/Pixelinator/test/CMakeFiles/CMakeScratch/TryCompile-SVswe1/src.c:2:11: error: unknown type name 'vector'
          vector unsigned int vzero() {
          ^
/Users/ankitjoju/Desktop/Programs/Side Projects/Pixelinator/test/CMakeFiles/CMakeScratch/TryCompile-SVswe1/src.c:3:22: error: implicit declaration of function 'vec_splat_u32' is invalid in C99 [-Werror,-Wimplicit-function-declaration]
              return vec_splat_u32(0);
                     ^
2 errors generated.
gmake[1]: *** [CMakeFiles/cmTC_e9e6d.dir/build.make:79: CMakeFiles/cmTC_e9e6d.dir/src.c.o] Error 1
gmake[1]: Leaving directory '/Users/ankitjoju/Desktop/Programs/Side Projects/Pixelinator/test/CMakeFiles/CMakeScratch/TryCompile-SVswe1'
gmake: *** [Makefile:127: cmTC_e9e6d/fast] Error 2


Source file was:

          vector unsigned int vzero() {
              return vec_splat_u32(0);
          }
          int main(int argc, char **argv) { return 0; }

Determining if the include file malloc.h exists failed with the following output:
Change Dir: /Users/ankitjoju/Desktop/Programs/Side Projects/Pixelinator/test/CMakeFiles/CMakeScratch/TryCompile-UQefws

Run Build Command(s):/opt/homebrew/bin/gmake -f Makefile cmTC_06404/fast && /opt/homebrew/bin/gmake  -f CMakeFiles/cmTC_06404.dir/build.make CMakeFiles/cmTC_06404.dir/build
gmake[1]: Entering directory '/Users/ankitjoju/Desktop/Programs/Side Projects/Pixelinator/test/CMakeFiles/CMakeScratch/TryCompile-UQefws'
Building C object CMakeFiles/cmTC_06404.dir/CheckIncludeFile.c.o
/Library/Developer/CommandLineTools/usr/bin/cc   -idirafter "/Users/ankitjoju/Desktop/Programs/Side Projects/Pixelinator/external/sdl2/src/video/khronos"  -D_GNU_SOURCE=1 -arch arm64 -isysroot /Library/Developer/CommandLineTools/SDKs/MacOSX12.3.sdk -MD -MT CMakeFiles/cmTC_06404.dir/CheckIncludeFile.c.o -MF CMakeFiles/cmTC_06404.dir/CheckIncludeFile.c.o.d -o CMakeFiles/cmTC_06404.dir/CheckIncludeFile.c.o -c "/Users/ankitjoju/Desktop/Programs/Side Projects/Pixelinator/test/CMakeFiles/CMakeScratch/TryCompile-UQefws/CheckIncludeFile.c"
/Users/ankitjoju/Desktop/Programs/Side Projects/Pixelinator/test/CMakeFiles/CMakeScratch/TryCompile-UQefws/CheckIncludeFile.c:1:10: fatal error: 'malloc.h' file not found
#include <malloc.h>
         ^~~~~~~~~~
1 error generated.
gmake[1]: *** [CMakeFiles/cmTC_06404.dir/build.make:79: CMakeFiles/cmTC_06404.dir/CheckIncludeFile.c.o] Error 1
gmake[1]: Leaving directory '/Users/ankitjoju/Desktop/Programs/Side Projects/Pixelinator/test/CMakeFiles/CMakeScratch/TryCompile-UQefws'
gmake: *** [Makefile:127: cmTC_06404/fast] Error 2



Determining if the include file linux/input.h exists failed with the following output:
Change Dir: /Users/ankitjoju/Desktop/Programs/Side Projects/Pixelinator/test/CMakeFiles/CMakeScratch/TryCompile-ggWult

Run Build Command(s):/opt/homebrew/bin/gmake -f Makefile cmTC_9e0bf/fast && /opt/homebrew/bin/gmake  -f CMakeFiles/cmTC_9e0bf.dir/build.make CMakeFiles/cmTC_9e0bf.dir/build
gmake[1]: Entering directory '/Users/ankitjoju/Desktop/Programs/Side Projects/Pixelinator/test/CMakeFiles/CMakeScratch/TryCompile-ggWult'
Building C object CMakeFiles/cmTC_9e0bf.dir/CheckIncludeFile.c.o
/Library/Developer/CommandLineTools/usr/bin/cc   -idirafter "/Users/ankitjoju/Desktop/Programs/Side Projects/Pixelinator/external/sdl2/src/video/khronos"  -D_GNU_SOURCE=1 -arch arm64 -isysroot /Library/Developer/CommandLineTools/SDKs/MacOSX12.3.sdk -MD -MT CMakeFiles/cmTC_9e0bf.dir/CheckIncludeFile.c.o -MF CMakeFiles/cmTC_9e0bf.dir/CheckIncludeFile.c.o.d -o CMakeFiles/cmTC_9e0bf.dir/CheckIncludeFile.c.o -c "/Users/ankitjoju/Desktop/Programs/Side Projects/Pixelinator/test/CMakeFiles/CMakeScratch/TryCompile-ggWult/CheckIncludeFile.c"
/Users/ankitjoju/Desktop/Programs/Side Projects/Pixelinator/test/CMakeFiles/CMakeScratch/TryCompile-ggWult/CheckIncludeFile.c:1:10: fatal error: 'linux/input.h' file not found
#include <linux/input.h>
         ^~~~~~~~~~~~~~~
1 error generated.
gmake[1]: *** [CMakeFiles/cmTC_9e0bf.dir/build.make:79: CMakeFiles/cmTC_9e0bf.dir/CheckIncludeFile.c.o] Error 1
gmake[1]: Leaving directory '/Users/ankitjoju/Desktop/Programs/Side Projects/Pixelinator/test/CMakeFiles/CMakeScratch/TryCompile-ggWult'
gmake: *** [Makefile:127: cmTC_9e0bf/fast] Error 2



Determining if the _strrev exist failed with the following output:
Change Dir: /Users/ankitjoju/Desktop/Programs/Side Projects/Pixelinator/test/CMakeFiles/CMakeScratch/TryCompile-FUPvTv

Run Build Command(s):/opt/homebrew/bin/gmake -f Makefile cmTC_5cb24/fast && /opt/homebrew/bin/gmake  -f CMakeFiles/cmTC_5cb24.dir/build.make CMakeFiles/cmTC_5cb24.dir/build
gmake[1]: Entering directory '/Users/ankitjoju/Desktop/Programs/Side Projects/Pixelinator/test/CMakeFiles/CMakeScratch/TryCompile-FUPvTv'
Building C object CMakeFiles/cmTC_5cb24.dir/CheckSymbolExists.c.o
/Library/Developer/CommandLineTools/usr/bin/cc   -idirafter "/Users/ankitjoju/Desktop/Programs/Side Projects/Pixelinator/external/sdl2/src/video/khronos"  -D_GNU_SOURCE=1 -arch arm64 -isysroot /Library/Developer/CommandLineTools/SDKs/MacOSX12.3.sdk -MD -MT CMakeFiles/cmTC_5cb24.dir/CheckSymbolExists.c.o -MF CMakeFiles/cmTC_5cb24.dir/CheckSymbolExists.c.o.d -o CMakeFiles/cmTC_5cb24.dir/CheckSymbolExists.c.o -c "/Users/ankitjoju/Desktop/Programs/Side Projects/Pixelinator/test/CMakeFiles/CMakeScratch/TryCompile-FUPvTv/CheckSymbolExists.c"
/Users/ankitjoju/Desktop/Programs/Side Projects/Pixelinator/test/CMakeFiles/CMakeScratch/TryCompile-FUPvTv/CheckSymbolExists.c:14:19: error: use of undeclared identifier '_strrev'
  return ((int*)(&_strrev))[argc];
                  ^
1 error generated.
gmake[1]: *** [CMakeFiles/cmTC_5cb24.dir/build.make:79: CMakeFiles/cmTC_5cb24.dir/CheckSymbolExists.c.o] Error 1
gmake[1]: Leaving directory '/Users/ankitjoju/Desktop/Programs/Side Projects/Pixelinator/test/CMakeFiles/CMakeScratch/TryCompile-FUPvTv'
gmake: *** [Makefile:127: cmTC_5cb24/fast] Error 2


File CheckSymbolExists.c:
/* */
#include <stddef.h>
#include <stdarg.h>
#include <stdlib.h>
#include <string.h>
#include <stdio.h>
#include <wchar.h>
#include <float.h>

int main(int argc, char** argv)
{
  (void)argv;
#ifndef _strrev
  return ((int*)(&_strrev))[argc];
#else
  (void)argc;
  return 0;
#endif
}
Determining if the _strupr exist failed with the following output:
Change Dir: /Users/ankitjoju/Desktop/Programs/Side Projects/Pixelinator/test/CMakeFiles/CMakeScratch/TryCompile-PzuRMJ

Run Build Command(s):/opt/homebrew/bin/gmake -f Makefile cmTC_92174/fast && /opt/homebrew/bin/gmake  -f CMakeFiles/cmTC_92174.dir/build.make CMakeFiles/cmTC_92174.dir/build
gmake[1]: Entering directory '/Users/ankitjoju/Desktop/Programs/Side Projects/Pixelinator/test/CMakeFiles/CMakeScratch/TryCompile-PzuRMJ'
Building C object CMakeFiles/cmTC_92174.dir/CheckSymbolExists.c.o
/Library/Developer/CommandLineTools/usr/bin/cc   -idirafter "/Users/ankitjoju/Desktop/Programs/Side Projects/Pixelinator/external/sdl2/src/video/khronos"  -D_GNU_SOURCE=1 -arch arm64 -isysroot /Library/Developer/CommandLineTools/SDKs/MacOSX12.3.sdk -MD -MT CMakeFiles/cmTC_92174.dir/CheckSymbolExists.c.o -MF CMakeFiles/cmTC_92174.dir/CheckSymbolExists.c.o.d -o CMakeFiles/cmTC_92174.dir/CheckSymbolExists.c.o -c "/Users/ankitjoju/Desktop/Programs/Side Projects/Pixelinator/test/CMakeFiles/CMakeScratch/TryCompile-PzuRMJ/CheckSymbolExists.c"
/Users/ankitjoju/Desktop/Programs/Side Projects/Pixelinator/test/CMakeFiles/CMakeScratch/TryCompile-PzuRMJ/CheckSymbolExists.c:14:19: error: use of undeclared identifier '_strupr'
  return ((int*)(&_strupr))[argc];
                  ^
1 error generated.
gmake[1]: *** [CMakeFiles/cmTC_92174.dir/build.make:79: CMakeFiles/cmTC_92174.dir/CheckSymbolExists.c.o] Error 1
gmake[1]: Leaving directory '/Users/ankitjoju/Desktop/Programs/Side Projects/Pixelinator/test/CMakeFiles/CMakeScratch/TryCompile-PzuRMJ'
gmake: *** [Makefile:127: cmTC_92174/fast] Error 2


File CheckSymbolExists.c:
/* */
#include <stddef.h>
#include <stdarg.h>
#include <stdlib.h>
#include <string.h>
#include <stdio.h>
#include <wchar.h>
#include <float.h>

int main(int argc, char** argv)
{
  (void)argv;
#ifndef _strupr
  return ((int*)(&_strupr))[argc];
#else
  (void)argc;
  return 0;
#endif
}
Determining if the _strlwr exist failed with the following output:
Change Dir: /Users/ankitjoju/Desktop/Programs/Side Projects/Pixelinator/test/CMakeFiles/CMakeScratch/TryCompile-bihU6a

Run Build Command(s):/opt/homebrew/bin/gmake -f Makefile cmTC_f838e/fast && /opt/homebrew/bin/gmake  -f CMakeFiles/cmTC_f838e.dir/build.make CMakeFiles/cmTC_f838e.dir/build
gmake[1]: Entering directory '/Users/ankitjoju/Desktop/Programs/Side Projects/Pixelinator/test/CMakeFiles/CMakeScratch/TryCompile-bihU6a'
Building C object CMakeFiles/cmTC_f838e.dir/CheckSymbolExists.c.o
/Library/Developer/CommandLineTools/usr/bin/cc   -idirafter "/Users/ankitjoju/Desktop/Programs/Side Projects/Pixelinator/external/sdl2/src/video/khronos"  -D_GNU_SOURCE=1 -arch arm64 -isysroot /Library/Developer/CommandLineTools/SDKs/MacOSX12.3.sdk -MD -MT CMakeFiles/cmTC_f838e.dir/CheckSymbolExists.c.o -MF CMakeFiles/cmTC_f838e.dir/CheckSymbolExists.c.o.d -o CMakeFiles/cmTC_f838e.dir/CheckSymbolExists.c.o -c "/Users/ankitjoju/Desktop/Programs/Side Projects/Pixelinator/test/CMakeFiles/CMakeScratch/TryCompile-bihU6a/CheckSymbolExists.c"
/Users/ankitjoju/Desktop/Programs/Side Projects/Pixelinator/test/CMakeFiles/CMakeScratch/TryCompile-bihU6a/CheckSymbolExists.c:14:19: error: use of undeclared identifier '_strlwr'
  return ((int*)(&_strlwr))[argc];
                  ^
1 error generated.
gmake[1]: *** [CMakeFiles/cmTC_f838e.dir/build.make:79: CMakeFiles/cmTC_f838e.dir/CheckSymbolExists.c.o] Error 1
gmake[1]: Leaving directory '/Users/ankitjoju/Desktop/Programs/Side Projects/Pixelinator/test/CMakeFiles/CMakeScratch/TryCompile-bihU6a'
gmake: *** [Makefile:127: cmTC_f838e/fast] Error 2


File CheckSymbolExists.c:
/* */
#include <stddef.h>
#include <stdarg.h>
#include <stdlib.h>
#include <string.h>
#include <stdio.h>
#include <wchar.h>
#include <float.h>

int main(int argc, char** argv)
{
  (void)argv;
#ifndef _strlwr
  return ((int*)(&_strlwr))[argc];
#else
  (void)argc;
  return 0;
#endif
}
Determining if the itoa exist failed with the following output:
Change Dir: /Users/ankitjoju/Desktop/Programs/Side Projects/Pixelinator/test/CMakeFiles/CMakeScratch/TryCompile-3JReQr

Run Build Command(s):/opt/homebrew/bin/gmake -f Makefile cmTC_190a8/fast && /opt/homebrew/bin/gmake  -f CMakeFiles/cmTC_190a8.dir/build.make CMakeFiles/cmTC_190a8.dir/build
gmake[1]: Entering directory '/Users/ankitjoju/Desktop/Programs/Side Projects/Pixelinator/test/CMakeFiles/CMakeScratch/TryCompile-3JReQr'
Building C object CMakeFiles/cmTC_190a8.dir/CheckSymbolExists.c.o
/Library/Developer/CommandLineTools/usr/bin/cc   -idirafter "/Users/ankitjoju/Desktop/Programs/Side Projects/Pixelinator/external/sdl2/src/video/khronos"  -D_GNU_SOURCE=1 -arch arm64 -isysroot /Library/Developer/CommandLineTools/SDKs/MacOSX12.3.sdk -MD -MT CMakeFiles/cmTC_190a8.dir/CheckSymbolExists.c.o -MF CMakeFiles/cmTC_190a8.dir/CheckSymbolExists.c.o.d -o CMakeFiles/cmTC_190a8.dir/CheckSymbolExists.c.o -c "/Users/ankitjoju/Desktop/Programs/Side Projects/Pixelinator/test/CMakeFiles/CMakeScratch/TryCompile-3JReQr/CheckSymbolExists.c"
/Users/ankitjoju/Desktop/Programs/Side Projects/Pixelinator/test/CMakeFiles/CMakeScratch/TryCompile-3JReQr/CheckSymbolExists.c:14:19: error: use of undeclared identifier 'itoa'
  return ((int*)(&itoa))[argc];
                  ^
1 error generated.
gmake[1]: *** [CMakeFiles/cmTC_190a8.dir/build.make:79: CMakeFiles/cmTC_190a8.dir/CheckSymbolExists.c.o] Error 1
gmake[1]: Leaving directory '/Users/ankitjoju/Desktop/Programs/Side Projects/Pixelinator/test/CMakeFiles/CMakeScratch/TryCompile-3JReQr'
gmake: *** [Makefile:127: cmTC_190a8/fast] Error 2


File CheckSymbolExists.c:
/* */
#include <stddef.h>
#include <stdarg.h>
#include <stdlib.h>
#include <string.h>
#include <stdio.h>
#include <wchar.h>
#include <float.h>

int main(int argc, char** argv)
{
  (void)argv;
#ifndef itoa
  return ((int*)(&itoa))[argc];
#else
  (void)argc;
  return 0;
#endif
}
Determining if the _ltoa exist failed with the following output:
Change Dir: /Users/ankitjoju/Desktop/Programs/Side Projects/Pixelinator/test/CMakeFiles/CMakeScratch/TryCompile-FmZar0

Run Build Command(s):/opt/homebrew/bin/gmake -f Makefile cmTC_e0932/fast && /opt/homebrew/bin/gmake  -f CMakeFiles/cmTC_e0932.dir/build.make CMakeFiles/cmTC_e0932.dir/build
gmake[1]: Entering directory '/Users/ankitjoju/Desktop/Programs/Side Projects/Pixelinator/test/CMakeFiles/CMakeScratch/TryCompile-FmZar0'
Building C object CMakeFiles/cmTC_e0932.dir/CheckSymbolExists.c.o
/Library/Developer/CommandLineTools/usr/bin/cc   -idirafter "/Users/ankitjoju/Desktop/Programs/Side Projects/Pixelinator/external/sdl2/src/video/khronos"  -D_GNU_SOURCE=1 -arch arm64 -isysroot /Library/Developer/CommandLineTools/SDKs/MacOSX12.3.sdk -MD -MT CMakeFiles/cmTC_e0932.dir/CheckSymbolExists.c.o -MF CMakeFiles/cmTC_e0932.dir/CheckSymbolExists.c.o.d -o CMakeFiles/cmTC_e0932.dir/CheckSymbolExists.c.o -c "/Users/ankitjoju/Desktop/Programs/Side Projects/Pixelinator/test/CMakeFiles/CMakeScratch/TryCompile-FmZar0/CheckSymbolExists.c"
/Users/ankitjoju/Desktop/Programs/Side Projects/Pixelinator/test/CMakeFiles/CMakeScratch/TryCompile-FmZar0/CheckSymbolExists.c:14:19: error: use of undeclared identifier '_ltoa'
  return ((int*)(&_ltoa))[argc];
                  ^
1 error generated.
gmake[1]: *** [CMakeFiles/cmTC_e0932.dir/build.make:79: CMakeFiles/cmTC_e0932.dir/CheckSymbolExists.c.o] Error 1
gmake[1]: Leaving directory '/Users/ankitjoju/Desktop/Programs/Side Projects/Pixelinator/test/CMakeFiles/CMakeScratch/TryCompile-FmZar0'
gmake: *** [Makefile:127: cmTC_e0932/fast] Error 2


File CheckSymbolExists.c:
/* */
#include <stddef.h>
#include <stdarg.h>
#include <stdlib.h>
#include <string.h>
#include <stdio.h>
#include <wchar.h>
#include <float.h>

int main(int argc, char** argv)
{
  (void)argv;
#ifndef _ltoa
  return ((int*)(&_ltoa))[argc];
#else
  (void)argc;
  return 0;
#endif
}
Determining if the _uitoa exist failed with the following output:
Change Dir: /Users/ankitjoju/Desktop/Programs/Side Projects/Pixelinator/test/CMakeFiles/CMakeScratch/TryCompile-9xKbER

Run Build Command(s):/opt/homebrew/bin/gmake -f Makefile cmTC_28b99/fast && /opt/homebrew/bin/gmake  -f CMakeFiles/cmTC_28b99.dir/build.make CMakeFiles/cmTC_28b99.dir/build
gmake[1]: Entering directory '/Users/ankitjoju/Desktop/Programs/Side Projects/Pixelinator/test/CMakeFiles/CMakeScratch/TryCompile-9xKbER'
Building C object CMakeFiles/cmTC_28b99.dir/CheckSymbolExists.c.o
/Library/Developer/CommandLineTools/usr/bin/cc   -idirafter "/Users/ankitjoju/Desktop/Programs/Side Projects/Pixelinator/external/sdl2/src/video/khronos"  -D_GNU_SOURCE=1 -arch arm64 -isysroot /Library/Developer/CommandLineTools/SDKs/MacOSX12.3.sdk -MD -MT CMakeFiles/cmTC_28b99.dir/CheckSymbolExists.c.o -MF CMakeFiles/cmTC_28b99.dir/CheckSymbolExists.c.o.d -o CMakeFiles/cmTC_28b99.dir/CheckSymbolExists.c.o -c "/Users/ankitjoju/Desktop/Programs/Side Projects/Pixelinator/test/CMakeFiles/CMakeScratch/TryCompile-9xKbER/CheckSymbolExists.c"
/Users/ankitjoju/Desktop/Programs/Side Projects/Pixelinator/test/CMakeFiles/CMakeScratch/TryCompile-9xKbER/CheckSymbolExists.c:14:19: error: use of undeclared identifier '_uitoa'
  return ((int*)(&_uitoa))[argc];
                  ^
1 error generated.
gmake[1]: *** [CMakeFiles/cmTC_28b99.dir/build.make:79: CMakeFiles/cmTC_28b99.dir/CheckSymbolExists.c.o] Error 1
gmake[1]: Leaving directory '/Users/ankitjoju/Desktop/Programs/Side Projects/Pixelinator/test/CMakeFiles/CMakeScratch/TryCompile-9xKbER'
gmake: *** [Makefile:127: cmTC_28b99/fast] Error 2


File CheckSymbolExists.c:
/* */
#include <stddef.h>
#include <stdarg.h>
#include <stdlib.h>
#include <string.h>
#include <stdio.h>
#include <wchar.h>
#include <float.h>

int main(int argc, char** argv)
{
  (void)argv;
#ifndef _uitoa
  return ((int*)(&_uitoa))[argc];
#else
  (void)argc;
  return 0;
#endif
}
Determining if the _ultoa exist failed with the following output:
Change Dir: /Users/ankitjoju/Desktop/Programs/Side Projects/Pixelinator/test/CMakeFiles/CMakeScratch/TryCompile-uCOxs0

Run Build Command(s):/opt/homebrew/bin/gmake -f Makefile cmTC_3d359/fast && /opt/homebrew/bin/gmake  -f CMakeFiles/cmTC_3d359.dir/build.make CMakeFiles/cmTC_3d359.dir/build
gmake[1]: Entering directory '/Users/ankitjoju/Desktop/Programs/Side Projects/Pixelinator/test/CMakeFiles/CMakeScratch/TryCompile-uCOxs0'
Building C object CMakeFiles/cmTC_3d359.dir/CheckSymbolExists.c.o
/Library/Developer/CommandLineTools/usr/bin/cc   -idirafter "/Users/ankitjoju/Desktop/Programs/Side Projects/Pixelinator/external/sdl2/src/video/khronos"  -D_GNU_SOURCE=1 -arch arm64 -isysroot /Library/Developer/CommandLineTools/SDKs/MacOSX12.3.sdk -MD -MT CMakeFiles/cmTC_3d359.dir/CheckSymbolExists.c.o -MF CMakeFiles/cmTC_3d359.dir/CheckSymbolExists.c.o.d -o CMakeFiles/cmTC_3d359.dir/CheckSymbolExists.c.o -c "/Users/ankitjoju/Desktop/Programs/Side Projects/Pixelinator/test/CMakeFiles/CMakeScratch/TryCompile-uCOxs0/CheckSymbolExists.c"
/Users/ankitjoju/Desktop/Programs/Side Projects/Pixelinator/test/CMakeFiles/CMakeScratch/TryCompile-uCOxs0/CheckSymbolExists.c:14:19: error: use of undeclared identifier '_ultoa'
  return ((int*)(&_ultoa))[argc];
                  ^
1 error generated.
gmake[1]: *** [CMakeFiles/cmTC_3d359.dir/build.make:79: CMakeFiles/cmTC_3d359.dir/CheckSymbolExists.c.o] Error 1
gmake[1]: Leaving directory '/Users/ankitjoju/Desktop/Programs/Side Projects/Pixelinator/test/CMakeFiles/CMakeScratch/TryCompile-uCOxs0'
gmake: *** [Makefile:127: cmTC_3d359/fast] Error 2


File CheckSymbolExists.c:
/* */
#include <stddef.h>
#include <stdarg.h>
#include <stdlib.h>
#include <string.h>
#include <stdio.h>
#include <wchar.h>
#include <float.h>

int main(int argc, char** argv)
{
  (void)argv;
#ifndef _ultoa
  return ((int*)(&_ultoa))[argc];
#else
  (void)argc;
  return 0;
#endif
}
Determining if the _i64toa exist failed with the following output:
Change Dir: /Users/ankitjoju/Desktop/Programs/Side Projects/Pixelinator/test/CMakeFiles/CMakeScratch/TryCompile-pNhtmS

Run Build Command(s):/opt/homebrew/bin/gmake -f Makefile cmTC_8509c/fast && /opt/homebrew/bin/gmake  -f CMakeFiles/cmTC_8509c.dir/build.make CMakeFiles/cmTC_8509c.dir/build
gmake[1]: Entering directory '/Users/ankitjoju/Desktop/Programs/Side Projects/Pixelinator/test/CMakeFiles/CMakeScratch/TryCompile-pNhtmS'
Building C object CMakeFiles/cmTC_8509c.dir/CheckSymbolExists.c.o
/Library/Developer/CommandLineTools/usr/bin/cc   -idirafter "/Users/ankitjoju/Desktop/Programs/Side Projects/Pixelinator/external/sdl2/src/video/khronos"  -D_GNU_SOURCE=1 -arch arm64 -isysroot /Library/Developer/CommandLineTools/SDKs/MacOSX12.3.sdk -MD -MT CMakeFiles/cmTC_8509c.dir/CheckSymbolExists.c.o -MF CMakeFiles/cmTC_8509c.dir/CheckSymbolExists.c.o.d -o CMakeFiles/cmTC_8509c.dir/CheckSymbolExists.c.o -c "/Users/ankitjoju/Desktop/Programs/Side Projects/Pixelinator/test/CMakeFiles/CMakeScratch/TryCompile-pNhtmS/CheckSymbolExists.c"
/Users/ankitjoju/Desktop/Programs/Side Projects/Pixelinator/test/CMakeFiles/CMakeScratch/TryCompile-pNhtmS/CheckSymbolExists.c:14:19: error: use of undeclared identifier '_i64toa'
  return ((int*)(&_i64toa))[argc];
                  ^
1 error generated.
gmake[1]: *** [CMakeFiles/cmTC_8509c.dir/build.make:79: CMakeFiles/cmTC_8509c.dir/CheckSymbolExists.c.o] Error 1
gmake[1]: Leaving directory '/Users/ankitjoju/Desktop/Programs/Side Projects/Pixelinator/test/CMakeFiles/CMakeScratch/TryCompile-pNhtmS'
gmake: *** [Makefile:127: cmTC_8509c/fast] Error 2


File CheckSymbolExists.c:
/* */
#include <stddef.h>
#include <stdarg.h>
#include <stdlib.h>
#include <string.h>
#include <stdio.h>
#include <wchar.h>
#include <float.h>

int main(int argc, char** argv)
{
  (void)argv;
#ifndef _i64toa
  return ((int*)(&_i64toa))[argc];
#else
  (void)argc;
  return 0;
#endif
}
Determining if the _ui64toa exist failed with the following output:
Change Dir: /Users/ankitjoju/Desktop/Programs/Side Projects/Pixelinator/test/CMakeFiles/CMakeScratch/TryCompile-ktPsaX

Run Build Command(s):/opt/homebrew/bin/gmake -f Makefile cmTC_cbe91/fast && /opt/homebrew/bin/gmake  -f CMakeFiles/cmTC_cbe91.dir/build.make CMakeFiles/cmTC_cbe91.dir/build
gmake[1]: Entering directory '/Users/ankitjoju/Desktop/Programs/Side Projects/Pixelinator/test/CMakeFiles/CMakeScratch/TryCompile-ktPsaX'
Building C object CMakeFiles/cmTC_cbe91.dir/CheckSymbolExists.c.o
/Library/Developer/CommandLineTools/usr/bin/cc   -idirafter "/Users/ankitjoju/Desktop/Programs/Side Projects/Pixelinator/external/sdl2/src/video/khronos"  -D_GNU_SOURCE=1 -arch arm64 -isysroot /Library/Developer/CommandLineTools/SDKs/MacOSX12.3.sdk -MD -MT CMakeFiles/cmTC_cbe91.dir/CheckSymbolExists.c.o -MF CMakeFiles/cmTC_cbe91.dir/CheckSymbolExists.c.o.d -o CMakeFiles/cmTC_cbe91.dir/CheckSymbolExists.c.o -c "/Users/ankitjoju/Desktop/Programs/Side Projects/Pixelinator/test/CMakeFiles/CMakeScratch/TryCompile-ktPsaX/CheckSymbolExists.c"
/Users/ankitjoju/Desktop/Programs/Side Projects/Pixelinator/test/CMakeFiles/CMakeScratch/TryCompile-ktPsaX/CheckSymbolExists.c:14:19: error: use of undeclared identifier '_ui64toa'
  return ((int*)(&_ui64toa))[argc];
                  ^
1 error generated.
gmake[1]: *** [CMakeFiles/cmTC_cbe91.dir/build.make:79: CMakeFiles/cmTC_cbe91.dir/CheckSymbolExists.c.o] Error 1
gmake[1]: Leaving directory '/Users/ankitjoju/Desktop/Programs/Side Projects/Pixelinator/test/CMakeFiles/CMakeScratch/TryCompile-ktPsaX'
gmake: *** [Makefile:127: cmTC_cbe91/fast] Error 2


File CheckSymbolExists.c:
/* */
#include <stddef.h>
#include <stdarg.h>
#include <stdlib.h>
#include <string.h>
#include <stdio.h>
#include <wchar.h>
#include <float.h>

int main(int argc, char** argv)
{
  (void)argv;
#ifndef _ui64toa
  return ((int*)(&_ui64toa))[argc];
#else
  (void)argc;
  return 0;
#endif
}
Determining if the _stricmp exist failed with the following output:
Change Dir: /Users/ankitjoju/Desktop/Programs/Side Projects/Pixelinator/test/CMakeFiles/CMakeScratch/TryCompile-pLe1t8

Run Build Command(s):/opt/homebrew/bin/gmake -f Makefile cmTC_476f6/fast && /opt/homebrew/bin/gmake  -f CMakeFiles/cmTC_476f6.dir/build.make CMakeFiles/cmTC_476f6.dir/build
gmake[1]: Entering directory '/Users/ankitjoju/Desktop/Programs/Side Projects/Pixelinator/test/CMakeFiles/CMakeScratch/TryCompile-pLe1t8'
Building C object CMakeFiles/cmTC_476f6.dir/CheckSymbolExists.c.o
/Library/Developer/CommandLineTools/usr/bin/cc   -idirafter "/Users/ankitjoju/Desktop/Programs/Side Projects/Pixelinator/external/sdl2/src/video/khronos"  -D_GNU_SOURCE=1 -arch arm64 -isysroot /Library/Developer/CommandLineTools/SDKs/MacOSX12.3.sdk -MD -MT CMakeFiles/cmTC_476f6.dir/CheckSymbolExists.c.o -MF CMakeFiles/cmTC_476f6.dir/CheckSymbolExists.c.o.d -o CMakeFiles/cmTC_476f6.dir/CheckSymbolExists.c.o -c "/Users/ankitjoju/Desktop/Programs/Side Projects/Pixelinator/test/CMakeFiles/CMakeScratch/TryCompile-pLe1t8/CheckSymbolExists.c"
/Users/ankitjoju/Desktop/Programs/Side Projects/Pixelinator/test/CMakeFiles/CMakeScratch/TryCompile-pLe1t8/CheckSymbolExists.c:14:19: error: use of undeclared identifier '_stricmp'
  return ((int*)(&_stricmp))[argc];
                  ^
1 error generated.
gmake[1]: *** [CMakeFiles/cmTC_476f6.dir/build.make:79: CMakeFiles/cmTC_476f6.dir/CheckSymbolExists.c.o] Error 1
gmake[1]: Leaving directory '/Users/ankitjoju/Desktop/Programs/Side Projects/Pixelinator/test/CMakeFiles/CMakeScratch/TryCompile-pLe1t8'
gmake: *** [Makefile:127: cmTC_476f6/fast] Error 2


File CheckSymbolExists.c:
/* */
#include <stddef.h>
#include <stdarg.h>
#include <stdlib.h>
#include <string.h>
#include <stdio.h>
#include <wchar.h>
#include <float.h>

int main(int argc, char** argv)
{
  (void)argv;
#ifndef _stricmp
  return ((int*)(&_stricmp))[argc];
#else
  (void)argc;
  return 0;
#endif
}
Determining if the _strnicmp exist failed with the following output:
Change Dir: /Users/ankitjoju/Desktop/Programs/Side Projects/Pixelinator/test/CMakeFiles/CMakeScratch/TryCompile-1TuQ01

Run Build Command(s):/opt/homebrew/bin/gmake -f Makefile cmTC_d2c9c/fast && /opt/homebrew/bin/gmake  -f CMakeFiles/cmTC_d2c9c.dir/build.make CMakeFiles/cmTC_d2c9c.dir/build
gmake[1]: Entering directory '/Users/ankitjoju/Desktop/Programs/Side Projects/Pixelinator/test/CMakeFiles/CMakeScratch/TryCompile-1TuQ01'
Building C object CMakeFiles/cmTC_d2c9c.dir/CheckSymbolExists.c.o
/Library/Developer/CommandLineTools/usr/bin/cc   -idirafter "/Users/ankitjoju/Desktop/Programs/Side Projects/Pixelinator/external/sdl2/src/video/khronos"  -D_GNU_SOURCE=1 -arch arm64 -isysroot /Library/Developer/CommandLineTools/SDKs/MacOSX12.3.sdk -MD -MT CMakeFiles/cmTC_d2c9c.dir/CheckSymbolExists.c.o -MF CMakeFiles/cmTC_d2c9c.dir/CheckSymbolExists.c.o.d -o CMakeFiles/cmTC_d2c9c.dir/CheckSymbolExists.c.o -c "/Users/ankitjoju/Desktop/Programs/Side Projects/Pixelinator/test/CMakeFiles/CMakeScratch/TryCompile-1TuQ01/CheckSymbolExists.c"
/Users/ankitjoju/Desktop/Programs/Side Projects/Pixelinator/test/CMakeFiles/CMakeScratch/TryCompile-1TuQ01/CheckSymbolExists.c:14:19: error: use of undeclared identifier '_strnicmp'; did you mean 'strncmp'?
  return ((int*)(&_strnicmp))[argc];
                  ^~~~~~~~~
                  strncmp
/Library/Developer/CommandLineTools/SDKs/MacOSX12.3.sdk/usr/include/string.h:84:6: note: 'strncmp' declared here
int      strncmp(const char *__s1, const char *__s2, size_t __n);
         ^
1 error generated.
gmake[1]: *** [CMakeFiles/cmTC_d2c9c.dir/build.make:79: CMakeFiles/cmTC_d2c9c.dir/CheckSymbolExists.c.o] Error 1
gmake[1]: Leaving directory '/Users/ankitjoju/Desktop/Programs/Side Projects/Pixelinator/test/CMakeFiles/CMakeScratch/TryCompile-1TuQ01'
gmake: *** [Makefile:127: cmTC_d2c9c/fast] Error 2


File CheckSymbolExists.c:
/* */
#include <stddef.h>
#include <stdarg.h>
#include <stdlib.h>
#include <string.h>
#include <stdio.h>
#include <wchar.h>
#include <float.h>

int main(int argc, char** argv)
{
  (void)argv;
#ifndef _strnicmp
  return ((int*)(&_strnicmp))[argc];
#else
  (void)argc;
  return 0;
#endif
}
Determining if the _wcsdup exist failed with the following output:
Change Dir: /Users/ankitjoju/Desktop/Programs/Side Projects/Pixelinator/test/CMakeFiles/CMakeScratch/TryCompile-2yAKE4

Run Build Command(s):/opt/homebrew/bin/gmake -f Makefile cmTC_69eb3/fast && /opt/homebrew/bin/gmake  -f CMakeFiles/cmTC_69eb3.dir/build.make CMakeFiles/cmTC_69eb3.dir/build
gmake[1]: Entering directory '/Users/ankitjoju/Desktop/Programs/Side Projects/Pixelinator/test/CMakeFiles/CMakeScratch/TryCompile-2yAKE4'
Building C object CMakeFiles/cmTC_69eb3.dir/CheckSymbolExists.c.o
/Library/Developer/CommandLineTools/usr/bin/cc   -idirafter "/Users/ankitjoju/Desktop/Programs/Side Projects/Pixelinator/external/sdl2/src/video/khronos"  -D_GNU_SOURCE=1 -arch arm64 -isysroot /Library/Developer/CommandLineTools/SDKs/MacOSX12.3.sdk -MD -MT CMakeFiles/cmTC_69eb3.dir/CheckSymbolExists.c.o -MF CMakeFiles/cmTC_69eb3.dir/CheckSymbolExists.c.o.d -o CMakeFiles/cmTC_69eb3.dir/CheckSymbolExists.c.o -c "/Users/ankitjoju/Desktop/Programs/Side Projects/Pixelinator/test/CMakeFiles/CMakeScratch/TryCompile-2yAKE4/CheckSymbolExists.c"
/Users/ankitjoju/Desktop/Programs/Side Projects/Pixelinator/test/CMakeFiles/CMakeScratch/TryCompile-2yAKE4/CheckSymbolExists.c:14:19: error: use of undeclared identifier '_wcsdup'; did you mean 'wcsdup'?
  return ((int*)(&_wcsdup))[argc];
                  ^~~~~~~
                  wcsdup
/Library/Developer/CommandLineTools/SDKs/MacOSX12.3.sdk/usr/include/wchar.h:199:10: note: 'wcsdup' declared here
wchar_t *wcsdup(const wchar_t *) __OSX_AVAILABLE_STARTING(__MAC_10_7, __IPHONE_4_3);
         ^
1 error generated.
gmake[1]: *** [CMakeFiles/cmTC_69eb3.dir/build.make:79: CMakeFiles/cmTC_69eb3.dir/CheckSymbolExists.c.o] Error 1
gmake[1]: Leaving directory '/Users/ankitjoju/Desktop/Programs/Side Projects/Pixelinator/test/CMakeFiles/CMakeScratch/TryCompile-2yAKE4'
gmake: *** [Makefile:127: cmTC_69eb3/fast] Error 2


File CheckSymbolExists.c:
/* */
#include <stddef.h>
#include <stdarg.h>
#include <stdlib.h>
#include <string.h>
#include <stdio.h>
#include <wchar.h>
#include <float.h>

int main(int argc, char** argv)
{
  (void)argv;
#ifndef _wcsdup
  return ((int*)(&_wcsdup))[argc];
#else
  (void)argc;
  return 0;
#endif
}
Determining if the _wcsicmp exist failed with the following output:
Change Dir: /Users/ankitjoju/Desktop/Programs/Side Projects/Pixelinator/test/CMakeFiles/CMakeScratch/TryCompile-5lrXDz

Run Build Command(s):/opt/homebrew/bin/gmake -f Makefile cmTC_e1570/fast && /opt/homebrew/bin/gmake  -f CMakeFiles/cmTC_e1570.dir/build.make CMakeFiles/cmTC_e1570.dir/build
gmake[1]: Entering directory '/Users/ankitjoju/Desktop/Programs/Side Projects/Pixelinator/test/CMakeFiles/CMakeScratch/TryCompile-5lrXDz'
Building C object CMakeFiles/cmTC_e1570.dir/CheckSymbolExists.c.o
/Library/Developer/CommandLineTools/usr/bin/cc   -idirafter "/Users/ankitjoju/Desktop/Programs/Side Projects/Pixelinator/external/sdl2/src/video/khronos"  -D_GNU_SOURCE=1 -arch arm64 -isysroot /Library/Developer/CommandLineTools/SDKs/MacOSX12.3.sdk -MD -MT CMakeFiles/cmTC_e1570.dir/CheckSymbolExists.c.o -MF CMakeFiles/cmTC_e1570.dir/CheckSymbolExists.c.o.d -o CMakeFiles/cmTC_e1570.dir/CheckSymbolExists.c.o -c "/Users/ankitjoju/Desktop/Programs/Side Projects/Pixelinator/test/CMakeFiles/CMakeScratch/TryCompile-5lrXDz/CheckSymbolExists.c"
/Users/ankitjoju/Desktop/Programs/Side Projects/Pixelinator/test/CMakeFiles/CMakeScratch/TryCompile-5lrXDz/CheckSymbolExists.c:14:19: error: use of undeclared identifier '_wcsicmp'
  return ((int*)(&_wcsicmp))[argc];
                  ^
1 error generated.
gmake[1]: *** [CMakeFiles/cmTC_e1570.dir/build.make:79: CMakeFiles/cmTC_e1570.dir/CheckSymbolExists.c.o] Error 1
gmake[1]: Leaving directory '/Users/ankitjoju/Desktop/Programs/Side Projects/Pixelinator/test/CMakeFiles/CMakeScratch/TryCompile-5lrXDz'
gmake: *** [Makefile:127: cmTC_e1570/fast] Error 2


File CheckSymbolExists.c:
/* */
#include <stddef.h>
#include <stdarg.h>
#include <stdlib.h>
#include <string.h>
#include <stdio.h>
#include <wchar.h>
#include <float.h>

int main(int argc, char** argv)
{
  (void)argv;
#ifndef _wcsicmp
  return ((int*)(&_wcsicmp))[argc];
#else
  (void)argc;
  return 0;
#endif
}
Determining if the _wcsnicmp exist failed with the following output:
Change Dir: /Users/ankitjoju/Desktop/Programs/Side Projects/Pixelinator/test/CMakeFiles/CMakeScratch/TryCompile-WTraAm

Run Build Command(s):/opt/homebrew/bin/gmake -f Makefile cmTC_b5ac9/fast && /opt/homebrew/bin/gmake  -f CMakeFiles/cmTC_b5ac9.dir/build.make CMakeFiles/cmTC_b5ac9.dir/build
gmake[1]: Entering directory '/Users/ankitjoju/Desktop/Programs/Side Projects/Pixelinator/test/CMakeFiles/CMakeScratch/TryCompile-WTraAm'
Building C object CMakeFiles/cmTC_b5ac9.dir/CheckSymbolExists.c.o
/Library/Developer/CommandLineTools/usr/bin/cc   -idirafter "/Users/ankitjoju/Desktop/Programs/Side Projects/Pixelinator/external/sdl2/src/video/khronos"  -D_GNU_SOURCE=1 -arch arm64 -isysroot /Library/Developer/CommandLineTools/SDKs/MacOSX12.3.sdk -MD -MT CMakeFiles/cmTC_b5ac9.dir/CheckSymbolExists.c.o -MF CMakeFiles/cmTC_b5ac9.dir/CheckSymbolExists.c.o.d -o CMakeFiles/cmTC_b5ac9.dir/CheckSymbolExists.c.o -c "/Users/ankitjoju/Desktop/Programs/Side Projects/Pixelinator/test/CMakeFiles/CMakeScratch/TryCompile-WTraAm/CheckSymbolExists.c"
/Users/ankitjoju/Desktop/Programs/Side Projects/Pixelinator/test/CMakeFiles/CMakeScratch/TryCompile-WTraAm/CheckSymbolExists.c:14:19: error: use of undeclared identifier '_wcsnicmp'; did you mean 'wcsncmp'?
  return ((int*)(&_wcsnicmp))[argc];
                  ^~~~~~~~~
                  wcsncmp
/Library/Developer/CommandLineTools/SDKs/MacOSX12.3.sdk/usr/include/wchar.h:134:5: note: 'wcsncmp' declared here
int     wcsncmp(const wchar_t *, const wchar_t *, size_t);
        ^
1 error generated.
gmake[1]: *** [CMakeFiles/cmTC_b5ac9.dir/build.make:79: CMakeFiles/cmTC_b5ac9.dir/CheckSymbolExists.c.o] Error 1
gmake[1]: Leaving directory '/Users/ankitjoju/Desktop/Programs/Side Projects/Pixelinator/test/CMakeFiles/CMakeScratch/TryCompile-WTraAm'
gmake: *** [Makefile:127: cmTC_b5ac9/fast] Error 2


File CheckSymbolExists.c:
/* */
#include <stddef.h>
#include <stdarg.h>
#include <stdlib.h>
#include <string.h>
#include <stdio.h>
#include <wchar.h>
#include <float.h>

int main(int argc, char** argv)
{
  (void)argv;
#ifndef _wcsnicmp
  return ((int*)(&_wcsnicmp))[argc];
#else
  (void)argc;
  return 0;
#endif
}
Determining if the fopen64 exist failed with the following output:
Change Dir: /Users/ankitjoju/Desktop/Programs/Side Projects/Pixelinator/test/CMakeFiles/CMakeScratch/TryCompile-3vdFlI

Run Build Command(s):/opt/homebrew/bin/gmake -f Makefile cmTC_54d14/fast && /opt/homebrew/bin/gmake  -f CMakeFiles/cmTC_54d14.dir/build.make CMakeFiles/cmTC_54d14.dir/build
gmake[1]: Entering directory '/Users/ankitjoju/Desktop/Programs/Side Projects/Pixelinator/test/CMakeFiles/CMakeScratch/TryCompile-3vdFlI'
Building C object CMakeFiles/cmTC_54d14.dir/CheckSymbolExists.c.o
/Library/Developer/CommandLineTools/usr/bin/cc   -idirafter "/Users/ankitjoju/Desktop/Programs/Side Projects/Pixelinator/external/sdl2/src/video/khronos"  -D_GNU_SOURCE=1 -arch arm64 -isysroot /Library/Developer/CommandLineTools/SDKs/MacOSX12.3.sdk -MD -MT CMakeFiles/cmTC_54d14.dir/CheckSymbolExists.c.o -MF CMakeFiles/cmTC_54d14.dir/CheckSymbolExists.c.o.d -o CMakeFiles/cmTC_54d14.dir/CheckSymbolExists.c.o -c "/Users/ankitjoju/Desktop/Programs/Side Projects/Pixelinator/test/CMakeFiles/CMakeScratch/TryCompile-3vdFlI/CheckSymbolExists.c"
/Users/ankitjoju/Desktop/Programs/Side Projects/Pixelinator/test/CMakeFiles/CMakeScratch/TryCompile-3vdFlI/CheckSymbolExists.c:14:19: error: use of undeclared identifier 'fopen64'; did you mean 'fopen'?
  return ((int*)(&fopen64))[argc];
                  ^~~~~~~
                  fopen
/Library/Developer/CommandLineTools/SDKs/MacOSX12.3.sdk/usr/include/stdio.h:153:7: note: 'fopen' declared here
FILE    *fopen(const char * __restrict __filename, const char * __restrict __mode) __DARWIN_ALIAS_STARTING(__MAC_10_6, __IPHONE_2_0, __DARWIN_ALIAS(fopen));
         ^
1 error generated.
gmake[1]: *** [CMakeFiles/cmTC_54d14.dir/build.make:79: CMakeFiles/cmTC_54d14.dir/CheckSymbolExists.c.o] Error 1
gmake[1]: Leaving directory '/Users/ankitjoju/Desktop/Programs/Side Projects/Pixelinator/test/CMakeFiles/CMakeScratch/TryCompile-3vdFlI'
gmake: *** [Makefile:127: cmTC_54d14/fast] Error 2


File CheckSymbolExists.c:
/* */
#include <stddef.h>
#include <stdarg.h>
#include <stdlib.h>
#include <string.h>
#include <stdio.h>
#include <wchar.h>
#include <float.h>

int main(int argc, char** argv)
{
  (void)argv;
#ifndef fopen64
  return ((int*)(&fopen64))[argc];
#else
  (void)argc;
  return 0;
#endif
}
Determining if the fseeko64 exist failed with the following output:
Change Dir: /Users/ankitjoju/Desktop/Programs/Side Projects/Pixelinator/test/CMakeFiles/CMakeScratch/TryCompile-7BRO5w

Run Build Command(s):/opt/homebrew/bin/gmake -f Makefile cmTC_e5806/fast && /opt/homebrew/bin/gmake  -f CMakeFiles/cmTC_e5806.dir/build.make CMakeFiles/cmTC_e5806.dir/build
gmake[1]: Entering directory '/Users/ankitjoju/Desktop/Programs/Side Projects/Pixelinator/test/CMakeFiles/CMakeScratch/TryCompile-7BRO5w'
Building C object CMakeFiles/cmTC_e5806.dir/CheckSymbolExists.c.o
/Library/Developer/CommandLineTools/usr/bin/cc   -idirafter "/Users/ankitjoju/Desktop/Programs/Side Projects/Pixelinator/external/sdl2/src/video/khronos"  -D_GNU_SOURCE=1 -arch arm64 -isysroot /Library/Developer/CommandLineTools/SDKs/MacOSX12.3.sdk -MD -MT CMakeFiles/cmTC_e5806.dir/CheckSymbolExists.c.o -MF CMakeFiles/cmTC_e5806.dir/CheckSymbolExists.c.o.d -o CMakeFiles/cmTC_e5806.dir/CheckSymbolExists.c.o -c "/Users/ankitjoju/Desktop/Programs/Side Projects/Pixelinator/test/CMakeFiles/CMakeScratch/TryCompile-7BRO5w/CheckSymbolExists.c"
/Users/ankitjoju/Desktop/Programs/Side Projects/Pixelinator/test/CMakeFiles/CMakeScratch/TryCompile-7BRO5w/CheckSymbolExists.c:14:19: error: use of undeclared identifier 'fseeko64'; did you mean 'fseeko'?
  return ((int*)(&fseeko64))[argc];
                  ^~~~~~~~
                  fseeko
/Library/Developer/CommandLineTools/SDKs/MacOSX12.3.sdk/usr/include/stdio.h:320:6: note: 'fseeko' declared here
int      fseeko(FILE * __stream, off_t __offset, int __whence);
         ^
1 error generated.
gmake[1]: *** [CMakeFiles/cmTC_e5806.dir/build.make:79: CMakeFiles/cmTC_e5806.dir/CheckSymbolExists.c.o] Error 1
gmake[1]: Leaving directory '/Users/ankitjoju/Desktop/Programs/Side Projects/Pixelinator/test/CMakeFiles/CMakeScratch/TryCompile-7BRO5w'
gmake: *** [Makefile:127: cmTC_e5806/fast] Error 2


File CheckSymbolExists.c:
/* */
#include <stddef.h>
#include <stdarg.h>
#include <stdlib.h>
#include <string.h>
#include <stdio.h>
#include <wchar.h>
#include <float.h>

int main(int argc, char** argv)
{
  (void)argv;
#ifndef fseeko64
  return ((int*)(&fseeko64))[argc];
#else
  (void)argc;
  return 0;
#endif
}
Determining if the getauxval exist failed with the following output:
Change Dir: /Users/ankitjoju/Desktop/Programs/Side Projects/Pixelinator/test/CMakeFiles/CMakeScratch/TryCompile-kI80bJ

Run Build Command(s):/opt/homebrew/bin/gmake -f Makefile cmTC_b1a7a/fast && /opt/homebrew/bin/gmake  -f CMakeFiles/cmTC_b1a7a.dir/build.make CMakeFiles/cmTC_b1a7a.dir/build
gmake[1]: Entering directory '/Users/ankitjoju/Desktop/Programs/Side Projects/Pixelinator/test/CMakeFiles/CMakeScratch/TryCompile-kI80bJ'
Building C object CMakeFiles/cmTC_b1a7a.dir/CheckSymbolExists.c.o
/Library/Developer/CommandLineTools/usr/bin/cc   -idirafter "/Users/ankitjoju/Desktop/Programs/Side Projects/Pixelinator/external/sdl2/src/video/khronos"  -D_GNU_SOURCE=1 -arch arm64 -isysroot /Library/Developer/CommandLineTools/SDKs/MacOSX12.3.sdk -MD -MT CMakeFiles/cmTC_b1a7a.dir/CheckSymbolExists.c.o -MF CMakeFiles/cmTC_b1a7a.dir/CheckSymbolExists.c.o.d -o CMakeFiles/cmTC_b1a7a.dir/CheckSymbolExists.c.o -c "/Users/ankitjoju/Desktop/Programs/Side Projects/Pixelinator/test/CMakeFiles/CMakeScratch/TryCompile-kI80bJ/CheckSymbolExists.c"
/Users/ankitjoju/Desktop/Programs/Side Projects/Pixelinator/test/CMakeFiles/CMakeScratch/TryCompile-kI80bJ/CheckSymbolExists.c:2:10: fatal error: 'sys/auxv.h' file not found
#include <sys/auxv.h>
         ^~~~~~~~~~~~
1 error generated.
gmake[1]: *** [CMakeFiles/cmTC_b1a7a.dir/build.make:79: CMakeFiles/cmTC_b1a7a.dir/CheckSymbolExists.c.o] Error 1
gmake[1]: Leaving directory '/Users/ankitjoju/Desktop/Programs/Side Projects/Pixelinator/test/CMakeFiles/CMakeScratch/TryCompile-kI80bJ'
gmake: *** [Makefile:127: cmTC_b1a7a/fast] Error 2


File CheckSymbolExists.c:
/* */
#include <sys/auxv.h>

int main(int argc, char** argv)
{
  (void)argv;
#ifndef getauxval
  return ((int*)(&getauxval))[argc];
#else
  (void)argc;
  return 0;
#endif
}
Determining if the elf_aux_info exist failed with the following output:
Change Dir: /Users/ankitjoju/Desktop/Programs/Side Projects/Pixelinator/test/CMakeFiles/CMakeScratch/TryCompile-S5fTYz

Run Build Command(s):/opt/homebrew/bin/gmake -f Makefile cmTC_024c0/fast && /opt/homebrew/bin/gmake  -f CMakeFiles/cmTC_024c0.dir/build.make CMakeFiles/cmTC_024c0.dir/build
gmake[1]: Entering directory '/Users/ankitjoju/Desktop/Programs/Side Projects/Pixelinator/test/CMakeFiles/CMakeScratch/TryCompile-S5fTYz'
Building C object CMakeFiles/cmTC_024c0.dir/CheckSymbolExists.c.o
/Library/Developer/CommandLineTools/usr/bin/cc   -idirafter "/Users/ankitjoju/Desktop/Programs/Side Projects/Pixelinator/external/sdl2/src/video/khronos"  -D_GNU_SOURCE=1 -arch arm64 -isysroot /Library/Developer/CommandLineTools/SDKs/MacOSX12.3.sdk -MD -MT CMakeFiles/cmTC_024c0.dir/CheckSymbolExists.c.o -MF CMakeFiles/cmTC_024c0.dir/CheckSymbolExists.c.o.d -o CMakeFiles/cmTC_024c0.dir/CheckSymbolExists.c.o -c "/Users/ankitjoju/Desktop/Programs/Side Projects/Pixelinator/test/CMakeFiles/CMakeScratch/TryCompile-S5fTYz/CheckSymbolExists.c"
/Users/ankitjoju/Desktop/Programs/Side Projects/Pixelinator/test/CMakeFiles/CMakeScratch/TryCompile-S5fTYz/CheckSymbolExists.c:2:10: fatal error: 'sys/auxv.h' file not found
#include <sys/auxv.h>
         ^~~~~~~~~~~~
1 error generated.
gmake[1]: *** [CMakeFiles/cmTC_024c0.dir/build.make:79: CMakeFiles/cmTC_024c0.dir/CheckSymbolExists.c.o] Error 1
gmake[1]: Leaving directory '/Users/ankitjoju/Desktop/Programs/Side Projects/Pixelinator/test/CMakeFiles/CMakeScratch/TryCompile-S5fTYz'
gmake: *** [Makefile:127: cmTC_024c0/fast] Error 2


File CheckSymbolExists.c:
/* */
#include <sys/auxv.h>

int main(int argc, char** argv)
{
  (void)argv;
#ifndef elf_aux_info
  return ((int*)(&elf_aux_info))[argc];
#else
  (void)argc;
  return 0;
#endif
}
Performing C SOURCE FILE Test HAVE_SEM_TIMEDWAIT failed with the following output:
Change Dir: /Users/ankitjoju/Desktop/Programs/Side Projects/Pixelinator/test/CMakeFiles/CMakeScratch/TryCompile-cqQPKK

Run Build Command(s):/opt/homebrew/bin/gmake -f Makefile cmTC_b1056/fast && /opt/homebrew/bin/gmake  -f CMakeFiles/cmTC_b1056.dir/build.make CMakeFiles/cmTC_b1056.dir/build
gmake[1]: Entering directory '/Users/ankitjoju/Desktop/Programs/Side Projects/Pixelinator/test/CMakeFiles/CMakeScratch/TryCompile-cqQPKK'
Building C object CMakeFiles/cmTC_b1056.dir/src.c.o
/Library/Developer/CommandLineTools/usr/bin/cc -DHAVE_SEM_TIMEDWAIT  -idirafter "/Users/ankitjoju/Desktop/Programs/Side Projects/Pixelinator/external/sdl2/src/video/khronos"  -D_GNU_SOURCE=1 -D_THREAD_SAFE -arch arm64 -isysroot /Library/Developer/CommandLineTools/SDKs/MacOSX12.3.sdk -MD -MT CMakeFiles/cmTC_b1056.dir/src.c.o -MF CMakeFiles/cmTC_b1056.dir/src.c.o.d -o CMakeFiles/cmTC_b1056.dir/src.c.o -c "/Users/ankitjoju/Desktop/Programs/Side Projects/Pixelinator/test/CMakeFiles/CMakeScratch/TryCompile-cqQPKK/src.c"
/Users/ankitjoju/Desktop/Programs/Side Projects/Pixelinator/test/CMakeFiles/CMakeScratch/TryCompile-cqQPKK/src.c:5:19: error: implicit declaration of function 'sem_timedwait' is invalid in C99 [-Werror,-Wimplicit-function-declaration]
                  sem_timedwait(NULL, NULL);
                  ^
/Users/ankitjoju/Desktop/Programs/Side Projects/Pixelinator/test/CMakeFiles/CMakeScratch/TryCompile-cqQPKK/src.c:5:19: note: did you mean 'sem_trywait'?
/Library/Developer/CommandLineTools/SDKs/MacOSX12.3.sdk/usr/include/sys/semaphore.h:58:5: note: 'sem_trywait' declared here
int sem_trywait(sem_t *);
    ^
1 error generated.
gmake[1]: *** [CMakeFiles/cmTC_b1056.dir/build.make:79: CMakeFiles/cmTC_b1056.dir/src.c.o] Error 1
gmake[1]: Leaving directory '/Users/ankitjoju/Desktop/Programs/Side Projects/Pixelinator/test/CMakeFiles/CMakeScratch/TryCompile-cqQPKK'
gmake: *** [Makefile:127: cmTC_b1056/fast] Error 2


Source file was:

              #include <pthread.h>
              #include <semaphore.h>
              int main(int argc, char **argv) {
                  sem_timedwait(NULL, NULL);
                  return 0;
              }

Determining if files pthread_np.h exist failed with the following output:
Change Dir: /Users/ankitjoju/Desktop/Programs/Side Projects/Pixelinator/test/CMakeFiles/CMakeScratch/TryCompile-tVMnwz

Run Build Command(s):/opt/homebrew/bin/gmake -f Makefile cmTC_0facb/fast && /opt/homebrew/bin/gmake  -f CMakeFiles/cmTC_0facb.dir/build.make CMakeFiles/cmTC_0facb.dir/build
gmake[1]: Entering directory '/Users/ankitjoju/Desktop/Programs/Side Projects/Pixelinator/test/CMakeFiles/CMakeScratch/TryCompile-tVMnwz'
Building C object CMakeFiles/cmTC_0facb.dir/HAVE_PTHREAD_NP_H.c.o
/Library/Developer/CommandLineTools/usr/bin/cc   -idirafter "/Users/ankitjoju/Desktop/Programs/Side Projects/Pixelinator/external/sdl2/src/video/khronos"  -D_GNU_SOURCE=1 -D_THREAD_SAFE -arch arm64 -isysroot /Library/Developer/CommandLineTools/SDKs/MacOSX12.3.sdk -MD -MT CMakeFiles/cmTC_0facb.dir/HAVE_PTHREAD_NP_H.c.o -MF CMakeFiles/cmTC_0facb.dir/HAVE_PTHREAD_NP_H.c.o.d -o CMakeFiles/cmTC_0facb.dir/HAVE_PTHREAD_NP_H.c.o -c "/Users/ankitjoju/Desktop/Programs/Side Projects/Pixelinator/test/CMakeFiles/CMakeScratch/TryCompile-tVMnwz/HAVE_PTHREAD_NP_H.c"
/Users/ankitjoju/Desktop/Programs/Side Projects/Pixelinator/test/CMakeFiles/CMakeScratch/TryCompile-tVMnwz/HAVE_PTHREAD_NP_H.c:2:10: fatal error: 'pthread_np.h' file not found
#include <pthread_np.h>
         ^~~~~~~~~~~~~~
1 error generated.
gmake[1]: *** [CMakeFiles/cmTC_0facb.dir/build.make:79: CMakeFiles/cmTC_0facb.dir/HAVE_PTHREAD_NP_H.c.o] Error 1
gmake[1]: Leaving directory '/Users/ankitjoju/Desktop/Programs/Side Projects/Pixelinator/test/CMakeFiles/CMakeScratch/TryCompile-tVMnwz'
gmake: *** [Makefile:127: cmTC_0facb/fast] Error 2


Source:
/* */
#include <pthread_np.h>


int main(void){return 0;}

